<?xml version="1.0" encoding="UTF-8"?>
<testng-results ignored="0" total="1" passed="1" failed="0" skipped="0">
  <reporter-output>
  </reporter-output>
  <suite started-at="2022-08-05T11:50:01 IST" name="Default suite" finished-at="2022-08-05T11:50:57 IST" duration-ms="56833">
    <groups>
    </groups>
    <test started-at="2022-08-05T11:50:01 IST" name="Default test" finished-at="2022-08-05T11:50:57 IST" duration-ms="56833">
      <class name="HMS.Admin.Vistortest">
        <test-method is-config="true" signature="setup()[pri:0, instance:HMS.Admin.Vistortest@47e2e487]" started-at="2022-08-05T11:50:01 IST" name="setup" finished-at="2022-08-05T11:50:55 IST" duration-ms="53917" status="PASS">
          <reporter-output>
          </reporter-output>
        </test-method> <!-- setup -->
        <test-method signature="addvistordetails()[pri:0, instance:HMS.Admin.Vistortest@47e2e487]" started-at="2022-08-05T11:50:55 IST" name="addvistordetails" finished-at="2022-08-05T11:50:57 IST" duration-ms="2795" status="PASS">
          <reporter-output>
          </reporter-output>
        </test-method> <!-- addvistordetails -->
      </class> <!-- HMS.Admin.Vistortest -->
    </test> <!-- Default test -->
  </suite> <!-- Default suite -->
</testng-results>
